app/build/outputs/logs/manifest-merger-debug-report.txt
-- Merging decision tree log ---
manifest
ADDED from src\main\AndroidManifest.xml:2:1-26:12
	package
		ADDED from src\main\AndroidManifest.xml:3:5-49
		INJECTED from src\main\AndroidManifest.xml
		INJECTED from src\main\AndroidManifest.xml
	android:versionName
		INJECTED from src\main\AndroidManifest.xml
		INJECTED from src\main\AndroidManifest.xml
	xmlns:android
		ADDED from src\main\AndroidManifest.xml:2:11-69
	android:versionCode
		INJECTED from src\main\AndroidManifest.xml
		INJECTED from src\main\AndroidManifest.xml
application
ADDED from src\main\AndroidManifest.xml:5:5-22:19
MERGED from [com.android.support:appcompat-v7:24.2.0] AndroidManifest.xml:25:5-20
MERGED from [com.android.support:support-vector-drawable:24.2.0] AndroidManifest.xml:23:5-20
MERGED from [com.android.support:support-compat:24.2.0] AndroidManifest.xml:25:5-20
MERGED from [com.android.support:animated-vector-drawable:24.2.0] AndroidManifest.xml:22:5-20
MERGED from [com.android.support:support-vector-drawable:24.2.0] AndroidManifest.xml:23:5-20
MERGED from [com.android.support:support-compat:24.2.0] AndroidManifest.xml:25:5-20
MERGED from [com.android.support:support-v4:24.2.0] AndroidManifest.xml:25:5-20
MERGED from [com.android.support:support-compat:24.2.0] AndroidManifest.xml:25:5-20
MERGED from [com.android.support:support-core-utils:24.2.0] AndroidManifest.xml:25:5-20
MERGED from [com.android.support:support-compat:24.2.0] AndroidManifest.xml:25:5-20
MERGED from [com.android.support:support-media-compat:24.2.0] AndroidManifest.xml:25:5-20
MERGED from [com.android.support:support-compat:24.2.0] AndroidManifest.xml:25:5-20
MERGED from [com.android.support:support-core-ui:24.2.0] AndroidManifest.xml:25:5-20
MERGED from [com.android.support:support-compat:24.2.0] AndroidManifest.xml:25:5-20
MERGED from [com.android.support:support-fragment:24.2.0] AndroidManifest.xml:25:5-20
MERGED from [com.android.support:support-compat:24.2.0] AndroidManifest.xml:25:5-20
MERGED from [com.android.support:support-core-utils:24.2.0] AndroidManifest.xml:25:5-20
MERGED from [com.android.support:support-compat:24.2.0] AndroidManifest.xml:25:5-20
MERGED from [com.android.support:support-media-compat:24.2.0] AndroidManifest.xml:25:5-20
MERGED from [com.android.support:support-compat:24.2.0] AndroidManifest.xml:25:5-20
MERGED from [com.android.support:support-core-ui:24.2.0] AndroidManifest.xml:25:5-20
MERGED from [com.android.support:support-compat:24.2.0] AndroidManifest.xml:25:5-20
MERGED from [com.android.support:design:24.2.0] AndroidManifest.xml:22:5-20
MERGED from [com.android.support:appcompat-v7:24.2.0] AndroidManifest.xml:25:5-20
MERGED from [com.android.support:support-vector-drawable:24.2.0] AndroidManifest.xml:23:5-20
MERGED from [com.android.support:support-compat:24.2.0] AndroidManifest.xml:25:5-20
MERGED from [com.android.support:animated-vector-drawable:24.2.0] AndroidManifest.xml:22:5-20
MERGED from [com.android.support:support-vector-drawable:24.2.0] AndroidManifest.xml:23:5-20
MERGED from [com.android.support:support-compat:24.2.0] AndroidManifest.xml:25:5-20
MERGED from [com.android.support:support-v4:24.2.0] AndroidManifest.xml:25:5-20
MERGED from [com.android.support:support-compat:24.2.0] AndroidManifest.xml:25:5-20
MERGED from [com.android.support:support-core-utils:24.2.0] AndroidManifest.xml:25:5-20
MERGED from [com.android.support:support-compat:24.2.0] AndroidManifest.xml:25:5-20
MERGED from [com.android.support:support-media-compat:24.2.0] AndroidManifest.xml:25:5-20
MERGED from [com.android.support:support-compat:24.2.0] AndroidManifest.xml:25:5-20
MERGED from [com.android.support:support-core-ui:24.2.0] AndroidManifest.xml:25:5-20
MERGED from [com.android.support:support-compat:24.2.0] AndroidManifest.xml:25:5-20
MERGED from [com.android.support:support-fragment:24.2.0] AndroidManifest.xml:25:5-20
MERGED from [com.android.support:support-compat:24.2.0] AndroidManifest.xml:25:5-20
MERGED from [com.android.support:support-core-utils:24.2.0] AndroidManifest.xml:25:5-20
MERGED from [com.android.support:support-compat:24.2.0] AndroidManifest.xml:25:5-20
MERGED from [com.android.support:support-media-compat:24.2.0] AndroidManifest.xml:25:5-20
MERGED from [com.android.support:support-compat:24.2.0] AndroidManifest.xml:25:5-20
MERGED from [com.android.support:support-core-ui:24.2.0] AndroidManifest.xml:25:5-20
MERGED from [com.android.support:support-compat:24.2.0] AndroidManifest.xml:25:5-20
MERGED from [com.android.support:support-v4:24.2.0] AndroidManifest.xml:25:5-20
MERGED from [com.android.support:support-compat:24.2.0] AndroidManifest.xml:25:5-20
MERGED from [com.android.support:support-core-utils:24.2.0] AndroidManifest.xml:25:5-20
MERGED from [com.android.support:support-compat:24.2.0] AndroidManifest.xml:25:5-20
MERGED from [com.android.support:support-media-compat:24.2.0] AndroidManifest.xml:25:5-20
MERGED from [com.android.support:support-compat:24.2.0] AndroidManifest.xml:25:5-20
MERGED from [com.android.support:support-core-ui:24.2.0] AndroidManifest.xml:25:5-20
MERGED from [com.android.support:support-compat:24.2.0] AndroidManifest.xml:25:5-20
MERGED from [com.android.support:support-fragment:24.2.0] AndroidManifest.xml:25:5-20
MERGED from [com.android.support:support-compat:24.2.0] AndroidManifest.xml:25:5-20
MERGED from [com.android.support:support-core-utils:24.2.0] AndroidManifest.xml:25:5-20
MERGED from [com.android.support:support-compat:24.2.0] AndroidManifest.xml:25:5-20
MERGED from [com.android.support:support-media-compat:24.2.0] AndroidManifest.xml:25:5-20
MERGED from [com.android.support:support-compat:24.2.0] AndroidManifest.xml:25:5-20
MERGED from [com.android.support:support-core-ui:24.2.0] AndroidManifest.xml:25:5-20
MERGED from [com.android.support:support-compat:24.2.0] AndroidManifest.xml:25:5-20
MERGED from [com.android.support:support-compat:24.2.0] AndroidManifest.xml:25:5-20
MERGED from [com.android.support:support-core-ui:24.2.0] AndroidManifest.xml:25:5-20
MERGED from [com.android.support:support-compat:24.2.0] AndroidManifest.xml:25:5-20
	android:label
		ADDED from src\main\AndroidManifest.xml:8:9-41
	android:supportsRtl
		ADDED from src\main\AndroidManifest.xml:9:9-35
	android:allowBackup
		ADDED from src\main\AndroidManifest.xml:6:9-35
	android:icon
		ADDED from src\main\AndroidManifest.xml:7:9-43
	android:theme
		ADDED from src\main\AndroidManifest.xml:10:9-40
activity#com.example.navanee.expensemanager.MainActivity
ADDED from src\main\AndroidManifest.xml:11:9-17:20
	android:name
		ADDED from src\main\AndroidManifest.xml:11:19-47
intent-filter#android.intent.action.MAIN+android.intent.category.LAUNCHER
ADDED from src\main\AndroidManifest.xml:12:13-16:29
action#android.intent.action.MAIN
ADDED from src\main\AndroidManifest.xml:13:17-69
	android:name
		ADDED from src\main\AndroidManifest.xml:13:25-66
category#android.intent.category.LAUNCHER
ADDED from src\main\AndroidManifest.xml:15:17-77
	android:name
		ADDED from src\main\AndroidManifest.xml:15:27-74
activity#com.example.navanee.expensemanager.AddExpense
ADDED from src\main\AndroidManifest.xml:18:9-48
	android:name
		ADDED from src\main\AndroidManifest.xml:18:19-45
activity#com.example.navanee.expensemanager.EditExpense
ADDED from src\main\AndroidManifest.xml:19:9-49
	android:name
		ADDED from src\main\AndroidManifest.xml:19:19-46
activity#com.example.navanee.expensemanager.DelExpense
ADDED from src\main\AndroidManifest.xml:20:9-48
	android:name
		ADDED from src\main\AndroidManifest.xml:20:19-45
activity#com.example.navanee.expensemanager.DisplayExpenses
ADDED from src\main\AndroidManifest.xml:21:9-62
	android:name
		ADDED from src\main\AndroidManifest.xml:21:19-50
uses-permission#android.permission.READ_EXTERNAL_STORAGE
ADDED from src\main\AndroidManifest.xml:23:5-80
	android:name
		ADDED from src\main\AndroidManifest.xml:23:22-77
uses-permission#android.permission.WRITE_EXTERNAL_STORAGE
ADDED from src\main\AndroidManifest.xml:24:5-81
	android:name
		ADDED from src\main\AndroidManifest.xml:24:22-78
uses-sdk
INJECTED from src\main\AndroidManifest.xml reason: use-sdk injection requested
MERGED from [com.android.support:appcompat-v7:24.2.0] AndroidManifest.xml:21:5-23:78
MERGED from [com.android.support:support-vector-drawable:24.2.0] AndroidManifest.xml:21:5-43
MERGED from [com.android.support:support-compat:24.2.0] AndroidManifest.xml:21:5-23:58
MERGED from [com.android.support:animated-vector-drawable:24.2.0] AndroidManifest.xml:20:5-44
MERGED from [com.android.support:support-vector-drawable:24.2.0] AndroidManifest.xml:21:5-43
MERGED from [com.android.support:support-compat:24.2.0] AndroidManifest.xml:21:5-23:58
MERGED from [com.android.support:support-v4:24.2.0] AndroidManifest.xml:21:5-23:54
MERGED from [com.android.support:support-compat:24.2.0] AndroidManifest.xml:21:5-23:58
MERGED from [com.android.support:support-core-utils:24.2.0] AndroidManifest.xml:21:5-23:61
MERGED from [com.android.support:support-compat:24.2.0] AndroidManifest.xml:21:5-23:58
MERGED from [com.android.support:support-media-compat:24.2.0] AndroidManifest.xml:21:5-23:63
MERGED from [com.android.support:support-compat:24.2.0] AndroidManifest.xml:21:5-23:58
MERGED from [com.android.support:support-core-ui:24.2.0] AndroidManifest.xml:21:5-23:58
MERGED from [com.android.support:support-compat:24.2.0] AndroidManifest.xml:21:5-23:58
MERGED from [com.android.support:support-fragment:24.2.0] AndroidManifest.xml:21:5-23:60
MERGED from [com.android.support:support-compat:24.2.0] AndroidManifest.xml:21:5-23:58
MERGED from [com.android.support:support-core-utils:24.2.0] AndroidManifest.xml:21:5-23:61
MERGED from [com.android.support:support-compat:24.2.0] AndroidManifest.xml:21:5-23:58
MERGED from [com.android.support:support-media-compat:24.2.0] AndroidManifest.xml:21:5-23:63
MERGED from [com.android.support:support-compat:24.2.0] AndroidManifest.xml:21:5-23:58
MERGED from [com.android.support:support-core-ui:24.2.0] AndroidManifest.xml:21:5-23:58
MERGED from [com.android.support:support-compat:24.2.0] AndroidManifest.xml:21:5-23:58
MERGED from [com.android.support:design:24.2.0] AndroidManifest.xml:20:5-43
MERGED from [com.android.support:appcompat-v7:24.2.0] AndroidManifest.xml:21:5-23:78
MERGED from [com.android.support:support-vector-drawable:24.2.0] AndroidManifest.xml:21:5-43
MERGED from [com.android.support:support-compat:24.2.0] AndroidManifest.xml:21:5-23:58
MERGED from [com.android.support:animated-vector-drawable:24.2.0] AndroidManifest.xml:20:5-44
MERGED from [com.android.support:support-vector-drawable:24.2.0] AndroidManifest.xml:21:5-43
MERGED from [com.android.support:support-compat:24.2.0] AndroidManifest.xml:21:5-23:58
MERGED from [com.android.support:support-v4:24.2.0] AndroidManifest.xml:21:5-23:54
MERGED from [com.android.support:support-compat:24.2.0] AndroidManifest.xml:21:5-23:58
MERGED from [com.android.support:support-core-utils:24.2.0] AndroidManifest.xml:21:5-23:61
MERGED from [com.android.support:support-compat:24.2.0] AndroidManifest.xml:21:5-23:58
MERGED from [com.android.support:support-media-compat:24.2.0] AndroidManifest.xml:21:5-23:63
MERGED from [com.android.support:support-compat:24.2.0] AndroidManifest.xml:21:5-23:58
MERGED from [com.android.support:support-core-ui:24.2.0] AndroidManifest.xml:21:5-23:58
MERGED from [com.android.support:support-compat:24.2.0] AndroidManifest.xml:21:5-23:58
MERGED from [com.android.support:support-fragment:24.2.0] AndroidManifest.xml:21:5-23:60
MERGED from [com.android.support:support-compat:24.2.0] AndroidManifest.xml:21:5-23:58
MERGED from [com.android.support:support-core-utils:24.2.0] AndroidManifest.xml:21:5-23:61
MERGED from [com.android.support:support-compat:24.2.0] AndroidManifest.xml:21:5-23:58
MERGED from [com.android.support:support-media-compat:24.2.0] AndroidManifest.xml:21:5-23:63
MERGED from [com.android.support:support-compat:24.2.0] AndroidManifest.xml:21:5-23:58
MERGED from [com.android.support:support-core-ui:24.2.0] AndroidManifest.xml:21:5-23:58
MERGED from [com.android.support:support-compat:24.2.0] AndroidManifest.xml:21:5-23:58
MERGED from [com.android.support:support-v4:24.2.0] AndroidManifest.xml:21:5-23:54
MERGED from [com.android.support:support-compat:24.2.0] AndroidManifest.xml:21:5-23:58
MERGED from [com.android.support:support-core-utils:24.2.0] AndroidManifest.xml:21:5-23:61
MERGED from [com.android.support:support-compat:24.2.0] AndroidManifest.xml:21:5-23:58
MERGED from [com.android.support:support-media-compat:24.2.0] AndroidManifest.xml:21:5-23:63
MERGED from [com.android.support:support-compat:24.2.0] AndroidManifest.xml:21:5-23:58
MERGED from [com.android.support:support-core-ui:24.2.0] AndroidManifest.xml:21:5-23:58
MERGED from [com.android.support:support-compat:24.2.0] AndroidManifest.xml:21:5-23:58
MERGED from [com.android.support:support-fragment:24.2.0] AndroidManifest.xml:21:5-23:60
MERGED from [com.android.support:support-compat:24.2.0] AndroidManifest.xml:21:5-23:58
MERGED from [com.android.support:support-core-utils:24.2.0] AndroidManifest.xml:21:5-23:61
MERGED from [com.android.support:support-compat:24.2.0] AndroidManifest.xml:21:5-23:58
MERGED from [com.android.support:support-media-compat:24.2.0] AndroidManifest.xml:21:5-23:63
MERGED from [com.android.support:support-compat:24.2.0] AndroidManifest.xml:21:5-23:58
MERGED from [com.android.support:support-core-ui:24.2.0] AndroidManifest.xml:21:5-23:58
MERGED from [com.android.support:support-compat:24.2.0] AndroidManifest.xml:21:5-23:58
MERGED from [com.android.support:recyclerview-v7:24.2.0] AndroidManifest.xml:20:5-43
MERGED from [com.android.support:support-compat:24.2.0] AndroidManifest.xml:21:5-23:58
MERGED from [com.android.support:support-core-ui:24.2.0] AndroidManifest.xml:21:5-23:58
MERGED from [com.android.support:support-compat:24.2.0] AndroidManifest.xml:21:5-23:58
	tools:overrideLibrary
		ADDED from [com.android.support:appcompat-v7:24.2.0] AndroidManifest.xml:23:9-75
	android:targetSdkVersion
		INJECTED from src\main\AndroidManifest.xml
		INJECTED from src\main\AndroidManifest.xml
	android:minSdkVersion
		INJECTED from src\main\AndroidManifest.xml
		INJECTED from src\main\AndroidManifest.xml